circle-app/build/outputs/logs/manifest-merger-debug-report.txt
-- Merging decision tree log ---
manifest
ADDED from src\main\AndroidManifest.xml:2:1-50:12
	package
		ADDED from src\main\AndroidManifest.xml:3:5-33
		INJECTED from src\main\AndroidManifest.xml
		INJECTED from src\main\AndroidManifest.xml
	android:versionName
		ADDED from src\main\AndroidManifest.xml:5:5-30
		INJECTED from src\main\AndroidManifest.xml
		INJECTED from src\main\AndroidManifest.xml
	android:versionCode
		ADDED from src\main\AndroidManifest.xml:4:5-28
		INJECTED from src\main\AndroidManifest.xml
		INJECTED from src\main\AndroidManifest.xml
	xmlns:android
		ADDED from src\main\AndroidManifest.xml:2:11-69
uses-sdk
ADDED from src\main\AndroidManifest.xml:7:5-9:41
MERGED from [com.android.support:multidex:1.0.1] AndroidManifest.xml:18:5-42
MERGED from [com.malinskiy:superrecyclerview:1.1.4] AndroidManifest.xml:8:5-10:41
MERGED from [com.mikhaellopez:circularprogressbar:1.1.1] AndroidManifest.xml:8:5-10:41
MERGED from [pub.devrel:easypermissions:0.2.1] AndroidManifest.xml:8:5-10:41
MERGED from [TestPicAndVideo:qupai:unspecified] AndroidManifest.xml:7:5-9:41
MERGED from [com.android.support:appcompat-v7:24.2.1] AndroidManifest.xml:21:5-23:78
MERGED from [com.android.support:animated-vector-drawable:24.2.1] AndroidManifest.xml:20:5-44
MERGED from [com.android.support:support-vector-drawable:24.2.1] AndroidManifest.xml:21:5-43
MERGED from [com.android.support:support-v13:22.2.0] AndroidManifest.xml:20:5-44
MERGED from [com.android.support:recyclerview-v7:23.3.0] AndroidManifest.xml:20:5-43
MERGED from [:Qupaisdk-release:] AndroidManifest.xml:5:5-7:41
MERGED from [com.github.chrisbanes.photoview:library:1.2.4] AndroidManifest.xml:7:5-9:41
MERGED from [com.android.support:support-v4:24.2.1] AndroidManifest.xml:21:5-23:54
MERGED from [com.android.support:support-fragment:24.2.1] AndroidManifest.xml:21:5-23:60
MERGED from [com.android.support:support-media-compat:24.2.1] AndroidManifest.xml:21:5-23:63
MERGED from [com.android.support:support-core-ui:24.2.1] AndroidManifest.xml:21:5-23:58
MERGED from [com.android.support:support-core-utils:24.2.1] AndroidManifest.xml:21:5-23:61
MERGED from [com.android.support:support-compat:24.2.1] AndroidManifest.xml:21:5-23:58
	tools:overrideLibrary
		ADDED from [com.android.support:appcompat-v7:24.2.1] AndroidManifest.xml:23:9-75
	android:targetSdkVersion
		ADDED from src\main\AndroidManifest.xml:9:9-38
		INJECTED from src\main\AndroidManifest.xml
		INJECTED from src\main\AndroidManifest.xml
	android:minSdkVersion
		ADDED from src\main\AndroidManifest.xml:8:9-35
		INJECTED from src\main\AndroidManifest.xml
		INJECTED from src\main\AndroidManifest.xml
uses-permission#android.permission.INTERNET
ADDED from src\main\AndroidManifest.xml:11:5-66
MERGED from [:Qupaisdk-release:] AndroidManifest.xml:9:5-67
	android:name
		ADDED from src\main\AndroidManifest.xml:11:22-64
uses-permission#android.permission.WRITE_EXTERNAL_STORAGE
ADDED from src\main\AndroidManifest.xml:12:5-80
MERGED from [:Qupaisdk-release:] AndroidManifest.xml:11:5-81
	android:name
		ADDED from src\main\AndroidManifest.xml:12:22-78
uses-permission#android.permission.READ_EXTERNAL_STORAGE
ADDED from src\main\AndroidManifest.xml:13:5-79
MERGED from [:Qupaisdk-release:] AndroidManifest.xml:12:5-80
	android:name
		ADDED from src\main\AndroidManifest.xml:13:22-77
uses-permission#android.permission.CALL_PHONE
ADDED from src\main\AndroidManifest.xml:14:5-68
	android:name
		ADDED from src\main\AndroidManifest.xml:14:22-66
uses-permission#android.permission.ACCESS_NETWORK_STATE
ADDED from src\main\AndroidManifest.xml:17:5-79
MERGED from [:Qupaisdk-release:] AndroidManifest.xml:10:5-79
	android:name
		ADDED from src\main\AndroidManifest.xml:17:22-76
uses-permission#android.permission.ACCESS_WIFI_STATE
ADDED from src\main\AndroidManifest.xml:18:5-76
	android:name
		ADDED from src\main\AndroidManifest.xml:18:22-73
uses-permission#android.permission.READ_PHONE_STATE
ADDED from src\main\AndroidManifest.xml:19:5-75
	android:name
		ADDED from src\main\AndroidManifest.xml:19:22-72
uses-permission#android.permission.READ_SETTINGS
ADDED from src\main\AndroidManifest.xml:20:5-72
	android:name
		ADDED from src\main\AndroidManifest.xml:20:22-69
uses-permission#android.permission.WRITE_SETTINGS
ADDED from src\main\AndroidManifest.xml:21:5-73
	android:name
		ADDED from src\main\AndroidManifest.xml:21:22-70
uses-permission#android.permission.GET_TASKS
ADDED from src\main\AndroidManifest.xml:22:5-68
	android:name
		ADDED from src\main\AndroidManifest.xml:22:22-65
application
ADDED from src\main\AndroidManifest.xml:24:5-48:19
MERGED from [com.malinskiy:superrecyclerview:1.1.4] AndroidManifest.xml:12:5-20
MERGED from [com.mikhaellopez:circularprogressbar:1.1.1] AndroidManifest.xml:12:5-20
MERGED from [pub.devrel:easypermissions:0.2.1] AndroidManifest.xml:12:5-20
MERGED from [TestPicAndVideo:qupai:unspecified] AndroidManifest.xml:11:5-15:19
MERGED from [com.android.support:appcompat-v7:24.2.1] AndroidManifest.xml:25:5-20
MERGED from [com.android.support:animated-vector-drawable:24.2.1] AndroidManifest.xml:22:5-20
MERGED from [com.android.support:support-vector-drawable:24.2.1] AndroidManifest.xml:23:5-20
MERGED from [com.android.support:support-v13:22.2.0] AndroidManifest.xml:22:5-20
MERGED from [:Qupaisdk-release:] AndroidManifest.xml:22:5-87:19
MERGED from [com.android.support:support-v4:24.2.1] AndroidManifest.xml:25:5-20
MERGED from [com.android.support:support-fragment:24.2.1] AndroidManifest.xml:25:5-20
MERGED from [com.android.support:support-media-compat:24.2.1] AndroidManifest.xml:25:5-20
MERGED from [com.android.support:support-core-ui:24.2.1] AndroidManifest.xml:25:5-20
MERGED from [com.android.support:support-core-utils:24.2.1] AndroidManifest.xml:25:5-20
MERGED from [com.android.support:support-compat:24.2.1] AndroidManifest.xml:25:5-20
	android:label
		ADDED from src\main\AndroidManifest.xml:28:9-41
	android:supportsRtl
		ADDED from [TestPicAndVideo:qupai:unspecified] AndroidManifest.xml:14:9-35
	android:allowBackup
		ADDED from src\main\AndroidManifest.xml:25:9-35
	android:icon
		ADDED from src\main\AndroidManifest.xml:27:9-38
	android:theme
		ADDED from src\main\AndroidManifest.xml:29:9-40
	android:name
		ADDED from src\main\AndroidManifest.xml:26:9-56
activity#com.yiw.circledemo.activity.MainActivity
ADDED from src\main\AndroidManifest.xml:30:9-40:20
	android:screenOrientation
		ADDED from src\main\AndroidManifest.xml:33:13-49
	android:label
		ADDED from src\main\AndroidManifest.xml:32:13-45
	android:name
		ADDED from src\main\AndroidManifest.xml:31:13-50
intent-filter#android.intent.action.MAIN+android.intent.category.LAUNCHER
ADDED from src\main\AndroidManifest.xml:35:13-39:29
action#android.intent.action.MAIN
ADDED from src\main\AndroidManifest.xml:36:17-69
	android:name
		ADDED from src\main\AndroidManifest.xml:36:25-66
category#android.intent.category.LAUNCHER
ADDED from src\main\AndroidManifest.xml:38:17-77
	android:name
		ADDED from src\main\AndroidManifest.xml:38:27-74
activity#com.yiw.circledemo.activity.ImagePagerActivity
ADDED from src\main\AndroidManifest.xml:41:9-43:20
	android:name
		ADDED from src\main\AndroidManifest.xml:41:19-62
meta-data#com.yiw.circledemo.MyGlideModule
ADDED from src\main\AndroidManifest.xml:45:9-47:43
	android:value
		ADDED from src\main\AndroidManifest.xml:47:13-40
	android:name
		ADDED from src\main\AndroidManifest.xml:46:13-60
uses-permission#android.permission.CAMERA
ADDED from [:Qupaisdk-release:] AndroidManifest.xml:13:5-65
	android:name
		ADDED from [:Qupaisdk-release:] AndroidManifest.xml:13:22-62
uses-permission#android.permission.FLASHLIGHT
ADDED from [:Qupaisdk-release:] AndroidManifest.xml:14:5-69
	android:name
		ADDED from [:Qupaisdk-release:] AndroidManifest.xml:14:22-66
uses-permission#android.permission.RECORD_VIDEO
ADDED from [:Qupaisdk-release:] AndroidManifest.xml:15:5-71
	android:name
		ADDED from [:Qupaisdk-release:] AndroidManifest.xml:15:22-68
uses-permission#android.permission.RECORD_AUDIO
ADDED from [:Qupaisdk-release:] AndroidManifest.xml:16:5-71
	android:name
		ADDED from [:Qupaisdk-release:] AndroidManifest.xml:16:22-68
uses-feature#android.hardware.camera
ADDED from [:Qupaisdk-release:] AndroidManifest.xml:18:5-60
	android:name
		ADDED from [:Qupaisdk-release:] AndroidManifest.xml:18:19-57
uses-feature#android.hardware.camera.autofocus
ADDED from [:Qupaisdk-release:] AndroidManifest.xml:19:5-70
	android:name
		ADDED from [:Qupaisdk-release:] AndroidManifest.xml:19:19-67
uses-feature#android.hardware.camera.flash
ADDED from [:Qupaisdk-release:] AndroidManifest.xml:20:5-66
	android:name
		ADDED from [:Qupaisdk-release:] AndroidManifest.xml:20:19-63
activity#com.duanqu.qupai.trim.VideoTrimActivity
ADDED from [:Qupaisdk-release:] AndroidManifest.xml:23:9-28:64
	android:process
		ADDED from [:Qupaisdk-release:] AndroidManifest.xml:26:13-63
	android:screenOrientation
		ADDED from [:Qupaisdk-release:] AndroidManifest.xml:27:13-49
	android:configChanges
		ADDED from [:Qupaisdk-release:] AndroidManifest.xml:25:13-48
	android:theme
		ADDED from [:Qupaisdk-release:] AndroidManifest.xml:28:13-61
	android:name
		ADDED from [:Qupaisdk-release:] AndroidManifest.xml:24:13-67
activity#com.duanqu.qupai.trim.VideoFileActivity
ADDED from [:Qupaisdk-release:] AndroidManifest.xml:29:9-34:64
	android:process
		ADDED from [:Qupaisdk-release:] AndroidManifest.xml:32:13-63
	android:screenOrientation
		ADDED from [:Qupaisdk-release:] AndroidManifest.xml:33:13-49
	android:configChanges
		ADDED from [:Qupaisdk-release:] AndroidManifest.xml:31:13-48
	android:theme
		ADDED from [:Qupaisdk-release:] AndroidManifest.xml:34:13-61
	android:name
		ADDED from [:Qupaisdk-release:] AndroidManifest.xml:30:13-67
activity#com.duanqu.qupai.trim.VideoGalleryActivity
ADDED from [:Qupaisdk-release:] AndroidManifest.xml:35:9-40:64
	android:process
		ADDED from [:Qupaisdk-release:] AndroidManifest.xml:38:13-63
	android:screenOrientation
		ADDED from [:Qupaisdk-release:] AndroidManifest.xml:39:13-49
	android:configChanges
		ADDED from [:Qupaisdk-release:] AndroidManifest.xml:37:13-48
	android:theme
		ADDED from [:Qupaisdk-release:] AndroidManifest.xml:40:13-61
	android:name
		ADDED from [:Qupaisdk-release:] AndroidManifest.xml:36:13-70
service#com.duanqu.qupai.MediaServer
ADDED from [:Qupaisdk-release:] AndroidManifest.xml:42:9-44:66
	android:process
		ADDED from [:Qupaisdk-release:] AndroidManifest.xml:44:13-63
	android:name
		ADDED from [:Qupaisdk-release:] AndroidManifest.xml:43:13-56
activity#com.duanqu.qupai.ui.render.RenderProgressActivity
ADDED from [:Qupaisdk-release:] AndroidManifest.xml:46:9-51:59
	android:process
		ADDED from [:Qupaisdk-release:] AndroidManifest.xml:49:13-63
	android:screenOrientation
		ADDED from [:Qupaisdk-release:] AndroidManifest.xml:50:13-49
	android:configChanges
		ADDED from [:Qupaisdk-release:] AndroidManifest.xml:48:13-48
	android:theme
		ADDED from [:Qupaisdk-release:] AndroidManifest.xml:51:13-56
	android:name
		ADDED from [:Qupaisdk-release:] AndroidManifest.xml:47:13-77
activity#com.duanqu.qupai.VideoActivity
ADDED from [:Qupaisdk-release:] AndroidManifest.xml:52:9-63:20
	android:process
		ADDED from [:Qupaisdk-release:] AndroidManifest.xml:56:13-63
	android:screenOrientation
		ADDED from [:Qupaisdk-release:] AndroidManifest.xml:57:13-49
	android:parentActivityName
		ADDED from [:Qupaisdk-release:] AndroidManifest.xml:55:13-103
	android:launchMode
		ADDED from [:Qupaisdk-release:] AndroidManifest.xml:54:13-43
	android:windowSoftInputMode
		ADDED from [:Qupaisdk-release:] AndroidManifest.xml:59:13-56
	android:theme
		ADDED from [:Qupaisdk-release:] AndroidManifest.xml:58:13-61
	android:name
		ADDED from [:Qupaisdk-release:] AndroidManifest.xml:53:13-58
meta-data#android.support.PARENT_ACTIVITY
ADDED from [:Qupaisdk-release:] AndroidManifest.xml:60:13-62:71
	android:value
		ADDED from [:Qupaisdk-release:] AndroidManifest.xml:62:17-68
	android:name
		ADDED from [:Qupaisdk-release:] AndroidManifest.xml:61:17-63
activity#com.duanqu.qupai.PhotoActivity
ADDED from [:Qupaisdk-release:] AndroidManifest.xml:64:9-75:20
	android:process
		ADDED from [:Qupaisdk-release:] AndroidManifest.xml:68:13-63
	android:screenOrientation
		ADDED from [:Qupaisdk-release:] AndroidManifest.xml:69:13-49
	android:parentActivityName
		ADDED from [:Qupaisdk-release:] AndroidManifest.xml:67:13-103
	android:launchMode
		ADDED from [:Qupaisdk-release:] AndroidManifest.xml:66:13-43
	android:windowSoftInputMode
		ADDED from [:Qupaisdk-release:] AndroidManifest.xml:71:13-56
	android:theme
		ADDED from [:Qupaisdk-release:] AndroidManifest.xml:70:13-61
	android:name
		ADDED from [:Qupaisdk-release:] AndroidManifest.xml:65:13-58
activity#com.duanqu.qupai.DraftsActivity
ADDED from [:Qupaisdk-release:] AndroidManifest.xml:76:9-86:20
	android:process
		ADDED from [:Qupaisdk-release:] AndroidManifest.xml:80:13-63
	android:screenOrientation
		ADDED from [:Qupaisdk-release:] AndroidManifest.xml:81:13-49
	android:parentActivityName
		ADDED from [:Qupaisdk-release:] AndroidManifest.xml:79:13-72
	android:configChanges
		ADDED from [:Qupaisdk-release:] AndroidManifest.xml:78:13-48
	android:theme
		ADDED from [:Qupaisdk-release:] AndroidManifest.xml:82:13-61
	android:name
		ADDED from [:Qupaisdk-release:] AndroidManifest.xml:77:13-59